Run code: Task id 11754318, 1
Rounded t down to nearest multiple of 1/gamma.

J = 2 D = 40, s = 9, gamma = 20.0,P = 1000 
load = 0.4231
lambda = [1.0639 0.6283]
mu = [0.4753 0.4003]
target = [1. 1.]
r = [1. 1.]
c = [1. 1.]
s_star = [5.0708 3.9292]
rho: [0.4414 0.3995]
P(W>D): [0.0073 0.016 ]
Weighted cap_prob: 0.0105
size: 504300
W: 0.0020 GB.
V: 0.0007 GB.

iter: 0, inner_iter: -1, delta: 0.903, d_min: 0.000, d_max: 0.903, g: 20.0000
Time: 0:5 min.

iter: 100, inner_iter: -1, delta: 0.000, d_min: 0.039, d_max: 0.039, g: 1.7234
Time: 4:21 min.

iter: 200, inner_iter: -1, delta: 0.000, d_min: 0.039, d_max: 0.039, g: 1.7259
Time: 9:37 min.

iter: 300, inner_iter: -1, delta: 0.000, d_min: 0.039, d_max: 0.039, g: 1.7265
Time: 13:51 min.

Value Iteration converged in 300 iterations. g = 1.7265
Time: 13:51 min.

iter: 0, inner_iter: 0, delta: 1.456, d_min: 0.038, d_max: 1.494, g: 33.9272
Time: 13:53 min.

iter: 0, inner_iter: 100, delta: 0.000, d_min: 0.038, d_max: 0.038, g: 1.6894
Time: 16:44 min.

iter: 0, inner_iter: 200, delta: 0.000, d_min: 0.038, d_max: 0.038, g: 1.6903
Time: 19:35 min.

iter: 0, inner_iter: 300, delta: 0.000, d_min: 0.038, d_max: 0.038, g: 1.6912
Time: 21:26 min.

iter: 0, inner_iter: 320, delta: 0.000, d_min: 0.038, d_max: 0.038, g: 1.6911
Time: 22:60 min.

One-step Policy Improvement converged in 320 iterations. g = 1.6911
Time: 22:60 min.

Done
