Run code: Task id 11754320, 1
Rounded t down to nearest multiple of 1/gamma.

J = 2 D = 40, s = 10, gamma = 20.0,P = 1000 
load = 0.5048
lambda = [2.8896 0.9521]
mu = [0.8583 0.5662]
target = [1. 1.]
r = [1. 1.]
c = [1. 1.]
s_star = [6.2139 3.7861]
rho: [0.5418 0.4441]
P(W>D): [0.0025 0.0152]
Weighted cap_prob: 0.0057
size: 610203
W: 0.0024 GB.
V: 0.0008 GB.

iter: 0, inner_iter: -1, delta: 0.823, d_min: 0.000, d_max: 0.823, g: 20.0000
Time: 0:6 min.

iter: 100, inner_iter: -1, delta: 0.002, d_min: 0.083, d_max: 0.085, g: 4.0818
Time: 5:18 min.

iter: 200, inner_iter: -1, delta: 0.000, d_min: 0.084, d_max: 0.084, g: 4.0764
Time: 10:30 min.

iter: 300, inner_iter: -1, delta: 0.000, d_min: 0.084, d_max: 0.084, g: 4.0792
Time: 16:42 min.

iter: 400, inner_iter: -1, delta: 0.000, d_min: 0.084, d_max: 0.084, g: 4.0821
Time: 21:54 min.

iter: 420, inner_iter: -1, delta: 0.000, d_min: 0.084, d_max: 0.084, g: 4.0820
Time: 22:56 min.

Value Iteration converged in 420 iterations. g = 4.0820
Time: 22:56 min.

iter: 0, inner_iter: 0, delta: 1.528, d_min: 0.079, d_max: 1.607, g: 40.9586
Time: 22:58 min.

iter: 0, inner_iter: 100, delta: 0.001, d_min: 0.079, d_max: 0.080, g: 3.8659
Time: 25:27 min.

iter: 0, inner_iter: 200, delta: 0.000, d_min: 0.079, d_max: 0.079, g: 3.8484
Time: 29:56 min.

iter: 0, inner_iter: 300, delta: 0.000, d_min: 0.079, d_max: 0.079, g: 3.8461
Time: 32:25 min.

iter: 0, inner_iter: 400, delta: 0.000, d_min: 0.079, d_max: 0.079, g: 3.8466
Time: 36:54 min.

iter: 0, inner_iter: 480, delta: 0.000, d_min: 0.079, d_max: 0.079, g: 3.8465
Time: 39:41 min.

One-step Policy Improvement converged in 480 iterations. g = 3.8465
Time: 39:41 min.

Done
