Run code: Task id 11754009, 1
Rounded t down to nearest multiple of 1/gamma.

J = 2 D = 30, s = 10, gamma = 15.0,P = 1000 
load = 0.4304
lambda = [0.4437 1.3283]
mu = [0.275  0.4935]
target = [1. 1.]
r = [1. 1.]
c = [1. 1.]
s_star = [4.0472 5.9528]
rho: [0.3986 0.4521]
P(W>D): [0.0253 0.0043]
Weighted cap_prob: 0.0096
size: 348843
W: 0.0014 GB.
V: 0.0005 GB.

iter: 0, inner_iter: -1, delta: 0.859, d_min: 0.000, d_max: 0.859, g: 15.0000
Time: 0:4 min.

iter: 100, inner_iter: -1, delta: 0.000, d_min: 0.052, d_max: 0.052, g: 1.8209
Time: 2:5 min.

iter: 200, inner_iter: -1, delta: 0.000, d_min: 0.052, d_max: 0.052, g: 1.8234
Time: 4:7 min.

iter: 300, inner_iter: -1, delta: 0.000, d_min: 0.052, d_max: 0.052, g: 1.8239
Time: 6:7 min.

iter: 400, inner_iter: -1, delta: 0.000, d_min: 0.052, d_max: 0.052, g: 1.8240
Time: 8:8 min.

iter: 500, inner_iter: -1, delta: 0.000, d_min: 0.052, d_max: 0.052, g: 1.8240
Time: 10:9 min.

iter: 580, inner_iter: -1, delta: 0.000, d_min: 0.052, d_max: 0.052, g: 1.8239
Time: 12:46 min.

Value Iteration converged in 580 iterations. g = 1.8239
Time: 12:46 min.

iter: 0, inner_iter: 0, delta: 1.351, d_min: 0.051, d_max: 1.401, g: 25.3663
Time: 12:47 min.

iter: 0, inner_iter: 100, delta: 0.000, d_min: 0.051, d_max: 0.051, g: 1.7704
Time: 13:8 min.

iter: 0, inner_iter: 200, delta: 0.000, d_min: 0.051, d_max: 0.051, g: 1.7699
Time: 14:29 min.

iter: 0, inner_iter: 300, delta: 0.000, d_min: 0.051, d_max: 0.051, g: 1.7697
Time: 16:50 min.

iter: 0, inner_iter: 400, delta: 0.000, d_min: 0.051, d_max: 0.051, g: 1.7696
Time: 17:11 min.

iter: 0, inner_iter: 500, delta: 0.000, d_min: 0.051, d_max: 0.051, g: 1.7694
Time: 19:32 min.

iter: 0, inner_iter: 600, delta: 0.000, d_min: 0.051, d_max: 0.051, g: 1.7694
Time: 20:54 min.

One-step Policy Improvement converged in 600 iterations. g = 1.7694
Time: 20:54 min.

Done
